<?xml version="1.0" encoding="UTF-8"?>
<testng-results skipped="0" failed="0" ignored="0" total="1" passed="1">
  <reporter-output>
  </reporter-output>
  <suite name="Default suite" duration-ms="8052" started-at="2017-10-21T09:36:41Z" finished-at="2017-10-21T09:36:49Z">
    <groups>
    </groups>
    <test name="Default test" duration-ms="8052" started-at="2017-10-21T09:36:41Z" finished-at="2017-10-21T09:36:49Z">
      <class name="maven.jenkins.TP">
        <test-method status="PASS" signature="Launch()[pri:0, instance:maven.jenkins.TP@68c4039c]" name="Launch" duration-ms="8033" started-at="2017-10-21T15:06:41Z" finished-at="2017-10-21T15:06:49Z">
          <reporter-output>
          </reporter-output>
        </test-method> <!-- Launch -->
      </class> <!-- maven.jenkins.TP -->
    </test> <!-- Default test -->
  </suite> <!-- Default suite -->
</testng-results>
